<?xml version="1.0" encoding="UTF-8"?>
<!-- Generated by org.testng.reporters.JUnitReportReporter -->
<testsuite hostname="RSARIPELLA" name="com.crm.configiration.AppTest" tests="1" failures="0" timestamp="27 Nov 2015 15:42:12 GMT" time="25.998" errors="0">
  <testcase name="test" time="25.998" classname="com.crm.configiration.AppTest"/>
</testsuite> <!-- com.crm.configiration.AppTest -->
